2023-08-25 10:42:49,875:INFO:features.utilities.test_logging:added extra line-1
2023-08-25 10:42:49,875:INFO:features.utilities.test_logging:added extra line-2
2023-08-25 10:43:17,069:INFO:features.utilities.test_logging:Selected product identifier: B0C918JGBM
2023-08-25 10:43:29,427:INFO:features.utilities.test_logging:product doesn't match
2023-08-25 10:43:29,656:INFO:features.utilities.test_logging:Stored product identifier:B0C918JGBM
2023-08-25 10:43:29,704:DEBUG:features.utilities.test_logging:initial cart count:1
2023-08-25 10:43:33,501:INFO:features.utilities.test_logging:Add to Cart button text:Add to Shopping Cart
2023-08-25 10:43:33,525:INFO:features.utilities.test_logging:Add to Cart button is enabled:True
2023-08-25 10:43:38,416:INFO:features.utilities.test_logging:updated cart count:2
2023-08-25 10:43:38,416:INFO:features.utilities.test_logging:Product added to cart successfully.
2023-08-25 10:43:39,049:INFO:features.utilities.test_logging:['B0C2HVX9W9']
2023-08-25 10:43:39,298:INFO:features.utilities.test_logging:Removed product:B0C2HVX9W9
2023-08-25 10:43:46,433:INFO:features.utilities.test_logging:proceed to checkout was clicked
2023-08-25 10:43:49,536:DEBUG:features.utilities.test_logging:Expected Checkout-Checkout
2023-08-25 10:43:49,536:DEBUG:features.utilities.test_logging:Actual text Checkout
2023-08-25 16:22:48,212:INFO:features.utilities.test_logging:Selected product identifier: B0C2HVX9W9
2023-08-25 16:22:57,482:INFO:features.utilities.test_logging:product doesn't match
2023-08-25 16:22:57,723:INFO:features.utilities.test_logging:Stored product identifier:B0C2HVX9W9
2023-08-25 16:22:57,783:DEBUG:features.utilities.test_logging:initial cart count:1
2023-08-25 16:23:00,369:INFO:features.utilities.test_logging:Add to Cart button text:Add to Shopping Cart
2023-08-25 16:23:00,389:INFO:features.utilities.test_logging:Add to Cart button is enabled:True
2023-08-25 16:23:05,242:INFO:features.utilities.test_logging:updated cart count:2
2023-08-25 16:23:05,243:INFO:features.utilities.test_logging:Product added to cart successfully.
2023-08-25 16:23:05,755:INFO:features.utilities.test_logging:['B0C918JGBM']
2023-08-25 16:23:06,016:INFO:features.utilities.test_logging:Removed product:B0C918JGBM
2023-08-25 16:23:12,773:INFO:features.utilities.test_logging:proceed to checkout was clicked
2023-08-25 16:23:15,655:DEBUG:features.utilities.test_logging:Expected Checkout-Checkout
2023-08-25 16:23:15,656:DEBUG:features.utilities.test_logging:Actual text Checkout
